2026.04.29 19:20:51 WARN  Using H2 2.4.240 which is newer than the version Flyway has been verified with. The latest verified version of H2 is 2.3.232.[0m
2026.04.29 19:20:52 INFO  no build target found for /Users/christosdemetriou/projects/iterative-voting-code/scala_code/Main.scala. Using presentation compiler with project's scala-library version: 3.3.6[0m
2026.04.29 19:20:54 WARN  Could not find semantic tokens for: file:///Users/christosdemetriou/projects/iterative-voting-code/scala_code/Main.scala[0m
2026.04.29 19:20:55 INFO  Running List(/Users/christosdemetriou/Library/Application Support/Coursier/bin/scala-cli, setup-ide, /Users/christosdemetriou/projects/iterative-voting-code)[0m
2026.04.29 19:20:55 INFO  Attempting to connect to the build server...[0m
2026.04.29 19:20:55 INFO  Running BSP server List(/Users/christosdemetriou/Library/Application Support/Coursier/bin/.scala-cli.aux, bsp, --json-options, /Users/christosdemetriou/projects/iterative-voting-code/.scala-build/ide-options-v2.json, --json-launcher-options, /Users/christosdemetriou/projects/iterative-voting-code/.scala-build/ide-launcher-options.json, --envs-file, /Users/christosdemetriou/projects/iterative-voting-code/.scala-build/ide-envs.json, /Users/christosdemetriou/projects/iterative-voting-code)[0m
2026.04.29 19:20:55 INFO  tracing is disabled for protocol BSP, to enable tracing of incoming and outgoing JSON messages create an empty file at /Users/christosdemetriou/projects/iterative-voting-code/.metals/bsp.trace.json or /Users/christosdemetriou/Library/Caches/org.scalameta.metals/bsp.trace.json[0m
2026.04.29 19:20:55 INFO  BSP server: Starting compilation server[0m
2026.04.29 19:20:55 INFO  no build target found for /Users/christosdemetriou/projects/iterative-voting-code/scala_code/Main.scala. Using presentation compiler with project's scala-library version: 3.3.6[0m
2026.04.29 19:20:55 WARN  Could not find semantic tokens for: file:///Users/christosdemetriou/projects/iterative-voting-code/scala_code/Main.scala[0m
2026.04.29 19:20:56 INFO  Shutting down server[0m
2026.04.29 19:20:56 INFO  shutting down Metals[0m
java.util.concurrent.RejectedExecutionException: Task Future(<not completed>) rejected from java.util.concurrent.ThreadPoolExecutor@239963d8[Shutting down, pool size = 3, active threads = 3, queued tasks = 0, completed tasks = 93]
	at java.base/java.util.concurrent.ThreadPoolExecutor$AbortPolicy.rejectedExecution(ThreadPoolExecutor.java:2027)
	at java.base/java.util.concurrent.ThreadPoolExecutor.reject(ThreadPoolExecutor.java:792)
	at java.base/java.util.concurrent.ThreadPoolExecutor.execute(ThreadPoolExecutor.java:1328)
	at scala.concurrent.impl.ExecutionContextImpl.execute(ExecutionContextImpl.scala:21)
	at scala.concurrent.impl.Promise$Transformation.submitWithValue(Promise.scala:462)
	at scala.concurrent.impl.Promise$DefaultPromise.submitWithValue(Promise.scala:371)
	at scala.concurrent.impl.Promise$DefaultPromise.tryComplete0(Promise.scala:295)
	at scala.concurrent.impl.Promise$Transformation.handleFailure(Promise.scala:477)
	at scala.concurrent.impl.Promise$Transformation.submitWithValue(Promise.scala:468)
	at scala.concurrent.impl.Promise$DefaultPromise.submitWithValue(Promise.scala:371)
	at scala.concurrent.impl.Promise$DefaultPromise.tryComplete0(Promise.scala:295)
	at scala.concurrent.impl.Promise$Transformation.handleFailure(Promise.scala:477)
	at scala.concurrent.impl.Promise$Transformation.run(Promise.scala:539)
	at java.base/java.util.concurrent.ThreadPoolExecutor.runWorker(ThreadPoolExecutor.java:1095)
	at java.base/java.util.concurrent.ThreadPoolExecutor$Worker.run(ThreadPoolExecutor.java:619)
	at java.base/java.lang.Thread.run(Thread.java:1447)
java.util.concurrent.RejectedExecutionException: Task Future(<not completed>) rejected from java.util.concurrent.ThreadPoolExecutor@239963d8[Shutting down, pool size = 3, active threads = 3, queued tasks = 0, completed tasks = 93]
	at java.base/java.util.concurrent.ThreadPoolExecutor$AbortPolicy.rejectedExecution(ThreadPoolExecutor.java:2027)
	at java.base/java.util.concurrent.ThreadPoolExecutor.reject(ThreadPoolExecutor.java:792)
	at java.base/java.util.concurrent.ThreadPoolExecutor.execute(ThreadPoolExecutor.java:1328)
	at scala.concurrent.impl.ExecutionContextImpl.execute(ExecutionContextImpl.scala:21)
	at scala.concurrent.impl.Promise$Transformation.submitWithValue(Promise.scala:462)
	at scala.concurrent.impl.Promise$DefaultPromise.submitWithValue(Promise.scala:371)
	at scala.concurrent.impl.Promise$DefaultPromise.tryComplete0(Promise.scala:295)
	at scala.concurrent.impl.Promise$Transformation.handleFailure(Promise.scala:477)
	at scala.concurrent.impl.Promise$Transformation.submitWithValue(Promise.scala:468)
	at scala.concurrent.impl.Promise$DefaultPromise.submitWithValue(Promise.scala:371)
	at scala.concurrent.impl.Promise$DefaultPromise.tryComplete0(Promise.scala:295)
	at scala.concurrent.impl.Promise$Transformation.handleFailure(Promise.scala:477)
	at scala.concurrent.impl.Promise$Transformation.submitWithValue(Promise.scala:468)
	at scala.concurrent.impl.Promise$DefaultPromise.submitWithValue(Promise.scala:371)
	at scala.concurrent.impl.Promise$DefaultPromise.tryComplete0(Promise.scala:295)
	at scala.concurrent.impl.Promise$Transformation.handleFailure(Promise.scala:477)
	at scala.concurrent.impl.Promise$Transformation.submitWithValue(Promise.scala:468)
	at scala.concurrent.impl.Promise$DefaultPromise.submitWithValue(Promise.scala:371)
	at scala.concurrent.impl.Promise$DefaultPromise.tryComplete0(Promise.scala:295)
	at scala.concurrent.impl.Promise$Transformation.handleFailure(Promise.scala:477)
	at scala.concurrent.impl.Promise$Transformation.submitWithValue(Promise.scala:468)
	at scala.concurrent.impl.Promise$DefaultPromise.submitWithValue(Promise.scala:371)
	at scala.concurrent.impl.Promise$DefaultPromise.tryComplete0(Promise.scala:295)
	at scala.concurrent.impl.Promise$Transformation.handleFailure(Promise.scala:477)
	at scala.concurrent.impl.Promise$Transformation.submitWithValue(Promise.scala:468)
	at scala.concurrent.impl.Promise$DefaultPromise.submitWithValue(Promise.scala:371)
	at scala.concurrent.impl.Promise$DefaultPromise.tryComplete0(Promise.scala:295)
	at scala.concurrent.impl.Promise$Transformation.handleFailure(Promise.scala:477)
	at scala.concurrent.impl.Promise$Transformation.submitWithValue(Promise.scala:468)
	at scala.concurrent.impl.Promise$DefaultPromise.submitWithValue(Promise.scala:371)
	at scala.concurrent.impl.Promise$DefaultPromise.tryComplete0(Promise.scala:295)
	at scala.concurrent.impl.Promise$Transformation.handleFailure(Promise.scala:477)
	at scala.concurrent.impl.Promise$Transformation.submitWithValue(Promise.scala:468)
	at scala.concurrent.impl.Promise$DefaultPromise.submitWithValue(Promise.scala:371)
	at scala.concurrent.impl.Promise$DefaultPromise.tryComplete0(Promise.scala:295)
	at scala.concurrent.impl.Promise$Transformation.handleFailure(Promise.scala:477)
	at scala.concurrent.impl.Promise$Transformation.submitWithValue(Promise.scala:468)
	at scala.concurrent.impl.Promise$DefaultPromise.submitWithValue(Promise.scala:371)
	at scala.concurrent.impl.Promise$DefaultPromise.tryComplete0(Promise.scala:295)
	at scala.concurrent.impl.Promise$Transformation.handleFailure(Promise.scala:477)
	at scala.concurrent.impl.Promise$Transformation.submitWithValue(Promise.scala:468)
	at scala.concurrent.impl.Promise$DefaultPromise.submitWithValue(Promise.scala:371)
	at scala.concurrent.impl.Promise$DefaultPromise.tryComplete0(Promise.scala:295)
	at scala.concurrent.impl.Promise$Transformation.handleFailure(Promise.scala:477)
	at scala.concurrent.impl.Promise$Transformation.submitWithValue(Promise.scala:468)
	at scala.concurrent.impl.Promise$DefaultPromise.submitWithValue(Promise.scala:371)
	at scala.concurrent.impl.Promise$DefaultPromise.tryComplete0(Promise.scala:295)
	at scala.concurrent.impl.Promise$Transformation.handleFailure(Promise.scala:477)
	at scala.concurrent.impl.Promise$Transformation.submitWithValue(Promise.scala:468)
	at scala.concurrent.impl.Promise$DefaultPromise.submitWithValue(Promise.scala:371)
	at scala.concurrent.impl.Promise$DefaultPromise.tryComplete0(Promise.scala:295)
	at scala.concurrent.impl.Promise$Transformation.handleFailure(Promise.scala:477)
	at scala.concurrent.impl.Promise$Transformation.submitWithValue(Promise.scala:468)
	at scala.concurrent.impl.Promise$DefaultPromise.submitWithValue(Promise.scala:371)
	at scala.concurrent.impl.Promise$DefaultPromise.tryComplete0(Promise.scala:295)
	at scala.concurrent.impl.Promise$Transformation.handleFailure(Promise.scala:477)
	at scala.concurrent.impl.Promise$Transformation.submitWithValue(Promise.scala:468)
	at scala.concurrent.impl.Promise$DefaultPromise.submitWithValue(Promise.scala:371)
	at scala.concurrent.impl.Promise$DefaultPromise.tryComplete0(Promise.scala:295)
	at scala.concurrent.impl.Promise$Transformation.handleFailure(Promise.scala:477)
	at scala.concurrent.impl.Promise$Transformation.submitWithValue(Promise.scala:468)
	at scala.concurrent.impl.Promise$DefaultPromise.submitWithValue(Promise.scala:371)
	at scala.concurrent.impl.Promise$DefaultPromise.tryComplete0(Promise.scala:295)
	at scala.concurrent.impl.Promise$Transformation.handleFailure(Promise.scala:477)
	at scala.concurrent.impl.Promise$Transformation.submitWithValue(Promise.scala:468)
	at scala.concurrent.impl.Promise$DefaultPromise.submitWithValue(Promise.scala:371)
	at scala.concurrent.impl.Promise$DefaultPromise.tryComplete0(Promise.scala:295)
	at scala.concurrent.impl.Promise$Transformation.handleFailure(Promise.scala:477)
	at scala.concurrent.impl.Promise$Transformation.submitWithValue(Promise.scala:468)
	at scala.concurrent.impl.Promise$DefaultPromise.submitWithValue(Promise.scala:371)
	at scala.concurrent.impl.Promise$DefaultPromise.tryComplete0(Promise.scala:295)
	at scala.concurrent.impl.Promise$Transformation.handleFailure(Promise.scala:477)
	at scala.concurrent.impl.Promise$Transformation.run(Promise.scala:539)
	at java.base/java.util.concurrent.ThreadPoolExecutor.runWorker(ThreadPoolExecutor.java:1095)
	at java.base/java.util.concurrent.ThreadPoolExecutor$Worker.run(ThreadPoolExecutor.java:619)
	at java.base/java.lang.Thread.run(Thread.java:1447)
